#
# A fatal error has been detected by the Java Runtime Environment:
#
#  EXCEPTION_ACCESS_VIOLATION (0xc0000005) at pc=0xc3000000, pid=7332, tid=5624
#
# JRE version: Java(TM) SE Runtime Environment (7.0_60-b19) (build 1.7.0_60-b19)
# Java VM: Java HotSpot(TM) Client VM (24.60-b09 mixed mode windows-x86 )
# Problematic frame:
# C  0xc3000000
#
# Failed to write core dump. Minidumps are not enabled by default on client versions of Windows
#
# If you would like to submit a bug report, please visit:
#   http://bugreport.sun.com/bugreport/crash.jsp
#

---------------  T H R E A D  ---------------

Current thread (0x00e0d000):  JavaThread "main" [_thread_in_Java, id=5624, stack(0x00e20000,0x00e70000)]

siginfo: ExceptionCode=0xc0000005, ExceptionInformation=0x00000008 0xc3000000

Registers:
EAX=0x140e15b0, EBX=0x17e95ff1, ECX=0x04035150, EDX=0x00e0d000
ESP=0x00e6f8a0, EBP=0x00e6f8cc, ESI=0x00e6f8a4, EDI=0x00e6f8e4
EIP=0xc3000000, EFLAGS=0x00010246

Top of Stack: (sp=0x00e6f8a0)
0x00e6f8a0:   01d9341a 04009f10 04035150 00e6f8ac
0x00e6f8b0:   140e1bb3 00e6f8e4 140e22d8 00000000
0x00e6f8c0:   140e1c50 00e6f8a4 00e6f8e4 00e6f908
0x00e6f8d0:   01d9341a 00000000 00000000 00000000
0x00e6f8e0:   00000000 04035150 00e6f8e8 13f919e8
0x00e6f8f0:   00e6f914 13f92228 00000000 13f91a20
0x00e6f900:   00e6f8e4 00e6f918 00e6f938 01d9341a
0x00e6f910:   00000000 03e1c7f0 00e6f918 13f91bd0 

Instructions: (pc=0xc3000000)
0xc2ffffe0:   
[error occurred during error reporting (printing registers, top of stack, instructions near pc), id 0xc0000005]

Register to memory mapping:

EAX=0x140e15b0 is an oop
{instance class} 
 - klass: {other class}
EBX=0x17e95ff1 is an unknown value
ECX=0x04035150 is an oop
java.lang.IndexOutOfBoundsException 
 - klass: 'java/lang/IndexOutOfBoundsException'
EDX=0x00e0d000 is a thread
ESP=0x00e6f8a0 is pointing into the stack for thread: 0x00e0d000
EBP=0x00e6f8cc is pointing into the stack for thread: 0x00e0d000
ESI=0x00e6f8a4 is pointing into the stack for thread: 0x00e0d000
EDI=0x00e6f8e4 is pointing into the stack for thread: 0x00e0d000


Stack: [0x00e20000,0x00e70000],  sp=0x00e6f8a0,  free space=318k
Native frames: (J=compiled Java code, j=interpreted, Vv=VM code, C=native code)
C  0xc3000000
j  com.sea.weather.date.nmc.action.CoastWeatherAction.getCoastWeather()Lcom/sea/weather/date/nmc/model/CoastWeatherVO;+24
j  com.sea.weather.date.nmc.action.CoastWeatherAction.main([Ljava/lang/String;)V+0
v  ~StubRoutines::call_stub
V  [jvm.dll+0x140e6a]
V  [jvm.dll+0x20529e]
V  [jvm.dll+0x140eed]
V  [jvm.dll+0xca5c5]
V  [jvm.dll+0xd5267]
C  [javaw.exe+0x2070]
C  [javaw.exe+0xa5e1]
C  [javaw.exe+0xa66b]
C  [kernel32.dll+0x4ee1c]
C  [ntdll.dll+0x637f5]
C  [ntdll.dll+0x637c8]


---------------  P R O C E S S  ---------------

Java Threads: ( => current thread )
  0x17e6a000 JavaThread "Service Thread" daemon [_thread_blocked, id=8172, stack(0x18650000,0x186a0000)]
  0x17e66c00 JavaThread "C1 CompilerThread0" daemon [_thread_blocked, id=6160, stack(0x18400000,0x18450000)]
  0x17e58400 JavaThread "JDWP Command Reader" daemon [_thread_in_native, id=1584, stack(0x182a0000,0x182f0000)]
  0x17e56800 JavaThread "JDWP Event Helper Thread" daemon [_thread_blocked, id=7480, stack(0x18520000,0x18570000)]
  0x17e4c800 JavaThread "JDWP Transport Listener: dt_socket" daemon [_thread_blocked, id=10156, stack(0x181b0000,0x18200000)]
  0x17e1c800 JavaThread "Attach Listener" daemon [_thread_blocked, id=8896, stack(0x18150000,0x181a0000)]
  0x17e19400 JavaThread "Signal Dispatcher" daemon [_thread_blocked, id=2116, stack(0x01050000,0x010a0000)]
  0x17e0a800 JavaThread "Finalizer" daemon [_thread_blocked, id=2596, stack(0x010f0000,0x01140000)]
  0x17e05800 JavaThread "Reference Handler" daemon [_thread_blocked, id=9640, stack(0x03d90000,0x03de0000)]
=>0x00e0d000 JavaThread "main" [_thread_in_Java, id=5624, stack(0x00e20000,0x00e70000)]

Other Threads:
  0x17e03000 VMThread [stack: 0x00f80000,0x00fd0000] [id=3220]
  0x17e73c00 WatcherThread [stack: 0x18100000,0x18150000] [id=7808]

VM state:not at safepoint (normal execution)

VM Mutex/Monitor currently owned by a thread: None

Heap
 def new generation   total 4928K, used 2915K [0x03e00000, 0x04350000, 0x09350000)
  eden space 4416K,  54% used [0x03e00000, 0x04058dd8, 0x04250000)
  from space 512K, 100% used [0x04250000, 0x042d0000, 0x042d0000)
  to   space 512K,   0% used [0x042d0000, 0x042d0000, 0x04350000)
 tenured generation   total 10944K, used 2356K [0x09350000, 0x09e00000, 0x13e00000)
   the space 10944K,  21% used [0x09350000, 0x0959d368, 0x0959d400, 0x09e00000)
 compacting perm gen  total 12288K, used 2952K [0x13e00000, 0x14a00000, 0x17e00000)
   the space 12288K,  24% used [0x13e00000, 0x140e23c8, 0x140e2400, 0x14a00000)
No shared spaces configured.

Card table byte_map: [0x00310000,0x003c0000] byte_map_base: 0x002f1000

Polling page: 0x00130000

Code Cache  [0x01d90000, 0x01eb8000, 0x03d90000)
 total_blobs=443 nmethods=315 adapters=73 free_code_cache=31588Kb largest_free_block=32346688

Compilation events (10 events):
Event: 3.316 Thread 0x17e66c00  311             java.util.LinkedHashMap$EntryIterator::<init> (6 bytes)
Event: 3.316 Thread 0x17e66c00 nmethod 311 0x01eb6188 code [0x01eb6280, 0x01eb632c]
Event: 3.317 Thread 0x17e66c00  312             java.util.LinkedHashMap$EntryIterator::<init> (12 bytes)
Event: 3.317 Thread 0x17e66c00 nmethod 312 0x01eb63c8 code [0x01eb64c0, 0x01eb656c]
Event: 3.317 Thread 0x17e66c00  313             java.util.HashMap::entrySet (5 bytes)
Event: 3.317 Thread 0x17e66c00 nmethod 313 0x01eb6608 code [0x01eb6700, 0x01eb67f0]
Event: 3.317 Thread 0x17e66c00  314             java.util.HashMap::entrySet0 (28 bytes)
Event: 3.317 Thread 0x17e66c00 nmethod 314 0x01eb6888 code [0x01eb6980, 0x01eb6a70]
Event: 3.318 Thread 0x17e66c00  315             java.util.LinkedHashMap::newEntryIterator (10 bytes)
Event: 3.318 Thread 0x17e66c00 nmethod 315 0x01eb6b08 code [0x01eb6c10, 0x01eb6cfc]

GC Heap History (4 events):
Event: 2.896 GC heap before
{Heap before GC invocations=0 (full 0):
 def new generation   total 4928K, used 4416K [0x03e00000, 0x04350000, 0x09350000)
  eden space 4416K, 100% used [0x03e00000, 0x04250000, 0x04250000)
  from space 512K,   0% used [0x04250000, 0x04250000, 0x042d0000)
  to   space 512K,   0% used [0x042d0000, 0x042d0000, 0x04350000)
 tenured generation   total 10944K, used 0K [0x09350000, 0x09e00000, 0x13e00000)
   the space 10944K,   0% used [0x09350000, 0x09350000, 0x09350200, 0x09e00000)
 compacting perm gen  total 12288K, used 2706K [0x13e00000, 0x14a00000, 0x17e00000)
   the space 12288K,  22% used [0x13e00000, 0x140a4b40, 0x140a4c00, 0x14a00000)
No shared spaces configured.
Event: 2.905 GC heap after
Heap after GC invocations=1 (full 0):
 def new generation   total 4928K, used 512K [0x03e00000, 0x04350000, 0x09350000)
  eden space 4416K,   0% used [0x03e00000, 0x03e00000, 0x04250000)
  from space 512K, 100% used [0x042d0000, 0x04350000, 0x04350000)
  to   space 512K,   0% used [0x04250000, 0x04250000, 0x042d0000)
 tenured generation   total 10944K, used 1013K [0x09350000, 0x09e00000, 0x13e00000)
   the space 10944K,   9% used [0x09350000, 0x0944d578, 0x0944d600, 0x09e00000)
 compacting perm gen  total 12288K, used 2706K [0x13e00000, 0x14a00000, 0x17e00000)
   the space 12288K,  22% used [0x13e00000, 0x140a4b40, 0x140a4c00, 0x14a00000)
No shared spaces configured.
}
Event: 3.229 GC heap before
{Heap before GC invocations=1 (full 0):
 def new generation   total 4928K, used 4909K [0x03e00000, 0x04350000, 0x09350000)
  eden space 4416K,  99% used [0x03e00000, 0x0424b778, 0x04250000)
  from space 512K, 100% used [0x042d0000, 0x04350000, 0x04350000)
  to   space 512K,   0% used [0x04250000, 0x04250000, 0x042d0000)
 tenured generation   total 10944K, used 1013K [0x09350000, 0x09e00000, 0x13e00000)
   the space 10944K,   9% used [0x09350000, 0x0944d578, 0x0944d600, 0x09e00000)
 compacting perm gen  total 12288K, used 2933K [0x13e00000, 0x14a00000, 0x17e00000)
   the space 12288K,  23% used [0x13e00000, 0x140dd468, 0x140dd600, 0x14a00000)
No shared spaces configured.
Event: 3.241 GC heap after
Heap after GC invocations=2 (full 0):
 def new generation   total 4928K, used 512K [0x03e00000, 0x04350000, 0x09350000)
  eden space 4416K,   0% used [0x03e00000, 0x03e00000, 0x04250000)
  from space 512K, 100% used [0x04250000, 0x042d0000, 0x042d0000)
  to   space 512K,   0% used [0x042d0000, 0x042d0000, 0x04350000)
 tenured generation   total 10944K, used 2356K [0x09350000, 0x09e00000, 0x13e00000)
   the space 10944K,  21% used [0x09350000, 0x0959d368, 0x0959d400, 0x09e00000)
 compacting perm gen  total 12288K, used 2933K [0x13e00000, 0x14a00000, 0x17e00000)
   the space 12288K,  23% used [0x13e00000, 0x140dd468, 0x140dd600, 0x14a00000)
No shared spaces configured.
}

Deoptimization events (0 events):
No events

Internal exceptions (10 events):
Event: 3.202 Thread 0x00e0d000 Threw 0x041dbc38 at C:\re\jdk7u60\1081\hotspot\src\share\vm\prims\jvm.cpp:1244
Event: 3.203 Thread 0x00e0d000 Threw 0x041e09f0 at C:\re\jdk7u60\1081\hotspot\src\share\vm\prims\jvm.cpp:1244
Event: 3.204 Thread 0x00e0d000 Threw 0x041e5990 at C:\re\jdk7u60\1081\hotspot\src\share\vm\prims\jvm.cpp:1244
Event: 3.205 Thread 0x00e0d000 Threw 0x041ea690 at C:\re\jdk7u60\1081\hotspot\src\share\vm\prims\jvm.cpp:1244
Event: 3.209 Thread 0x00e0d000 Threw 0x041f0188 at C:\re\jdk7u60\1081\hotspot\src\share\vm\prims\jvm.cpp:1244
Event: 3.212 Thread 0x00e0d000 Threw 0x041f7f18 at C:\re\jdk7u60\1081\hotspot\src\share\vm\prims\jvm.cpp:1244
Event: 3.213 Thread 0x00e0d000 Threw 0x041fbc58 at C:\re\jdk7u60\1081\hotspot\src\share\vm\prims\jvm.cpp:1244
Event: 3.215 Thread 0x00e0d000 Threw 0x04200098 at C:\re\jdk7u60\1081\hotspot\src\share\vm\prims\jvm.cpp:1244
Event: 11.716 Thread 0x00e0d000 Threw 0x04024908 at C:\re\jdk7u60\1081\hotspot\src\share\vm\prims\jvm.cpp:1244
Event: 30.329 Thread 0x00e0d000 Threw 0x0402bb88 at C:\re\jdk7u60\1081\hotspot\src\share\vm\prims\jvm.cpp:1244

Events (10 events):
Event: 82.648 Executing VM operation: ChangeBreakpoints
Event: 82.649 Executing VM operation: ChangeBreakpoints done
Event: 82.657 Executing VM operation: EnterInterpOnlyMode
Event: 82.657 Executing VM operation: EnterInterpOnlyMode done
Event: 82.657 Executing VM operation: GetCurrentLocation
Event: 82.657 Executing VM operation: GetCurrentLocation done
Event: 82.657 Executing VM operation: ChangeSingleStep
Event: 82.658 Executing VM operation: ChangeSingleStep done
Event: 82.659 Executing VM operation: ChangeSingleStep
Event: 82.659 Executing VM operation: ChangeSingleStep done


Dynamic libraries:
0x01160000 - 0x0118f000 	C:\Program Files\Java\jre7\bin\javaw.exe
0x77680000 - 0x777bc000 	C:\Windows\SYSTEM32\ntdll.dll
0x77270000 - 0x77344000 	C:\Windows\system32\kernel32.dll
0x759b0000 - 0x759fb000 	C:\Windows\system32\KERNELBASE.dll
0x76310000 - 0x763b0000 	C:\Windows\system32\ADVAPI32.dll
0x77440000 - 0x774ec000 	C:\Windows\system32\msvcrt.dll
0x77180000 - 0x77199000 	C:\Windows\SYSTEM32\sechost.dll
0x77550000 - 0x775f2000 	C:\Windows\system32\RPCRT4.dll
0x777e0000 - 0x778a9000 	C:\Windows\system32\USER32.dll
0x75b70000 - 0x75bbe000 	C:\Windows\system32\GDI32.dll
0x77170000 - 0x7717a000 	C:\Windows\system32\LPK.dll
0x76230000 - 0x762cd000 	C:\Windows\system32\USP10.dll
0x74790000 - 0x7492e000 	C:\Windows\WinSxS\x86_microsoft.windows.common-controls_6595b64144ccf1df_6.0.7601.17514_none_41e6975e2bd6f2b2\COMCTL32.dll
0x75b10000 - 0x75b67000 	C:\Windows\system32\SHLWAPI.dll
0x774f0000 - 0x7750f000 	C:\Windows\system32\IMM32.DLL
0x771a0000 - 0x7726c000 	C:\Windows\system32\MSCTF.dll
0x5f450000 - 0x5f50f000 	C:\Program Files\Java\jre7\bin\msvcr100.dll
0x5b040000 - 0x5b3c8000 	C:\Program Files\Java\jre7\bin\client\jvm.dll
0x709f0000 - 0x709f7000 	C:\Windows\system32\WSOCK32.dll
0x77510000 - 0x77545000 	C:\Windows\system32\WS2_32.dll
0x777c0000 - 0x777c6000 	C:\Windows\system32\NSI.dll
0x70d90000 - 0x70dc2000 	C:\Windows\system32\WINMM.dll
0x777d0000 - 0x777d5000 	C:\Windows\system32\PSAPI.DLL
0x72a40000 - 0x72a4c000 	C:\Program Files\Java\jre7\bin\verify.dll
0x729a0000 - 0x729c0000 	C:\Program Files\Java\jre7\bin\java.dll
0x72a10000 - 0x72a3a000 	C:\Program Files\Java\jre7\bin\jdwp.dll
0x72a80000 - 0x72a87000 	C:\Program Files\Java\jre7\bin\npt.dll
0x6e3d0000 - 0x6e3e3000 	C:\Program Files\Java\jre7\bin\zip.dll
0x72a70000 - 0x72a78000 	C:\Program Files\Java\jre7\bin\dt_socket.dll
0x73c90000 - 0x73ca0000 	C:\Windows\system32\NLAapi.dll
0x6fdf0000 - 0x6fe00000 	C:\Windows\system32\napinsp.dll
0x6fdd0000 - 0x6fde2000 	C:\Windows\system32\pnrpnsp.dll
0x75240000 - 0x7527c000 	C:\Windows\System32\mswsock.dll
0x75100000 - 0x75144000 	C:\Windows\system32\DNSAPI.dll
0x6fdc0000 - 0x6fdc8000 	C:\Windows\System32\winrnr.dll
0x73b40000 - 0x73b5c000 	C:\Windows\system32\IPHLPAPI.DLL
0x73b30000 - 0x73b37000 	C:\Windows\system32\WINNSI.DLL
0x739c0000 - 0x739f8000 	C:\Windows\System32\fwpuclnt.dll
0x71c70000 - 0x71c76000 	C:\Windows\system32\rasadhlp.dll
0x74d90000 - 0x74d95000 	C:\Windows\System32\wshtcpip.dll
0x63400000 - 0x63414000 	C:\Program Files\Java\jre7\bin\net.dll
0x75230000 - 0x75236000 	C:\Windows\System32\wship6.dll
0x71440000 - 0x7152b000 	C:\Windows\system32\dbghelp.dll

VM Arguments:
jvm_args: -agentlib:jdwp=transport=dt_socket,suspend=y,address=localhost:61582 -Dfile.encoding=GBK 
java_command: com.sea.weather.date.nmc.action.CoastWeatherAction
Launcher Type: SUN_STANDARD

Environment Variables:
JAVA_HOME=C:\Program Files\Java\jdk1.7.0_60
CLASSPATH=.;C:\Program Files\Java\jdk1.7.0_60\lib\dt.jar;C:\Program Files\Java\jdk1.7.0_60\lib\tools.jar;
PATH=C:/Program Files/Java/jre7/bin/client;C:/Program Files/Java/jre7/bin;C:/Program Files/Java/jre7/lib/i386;C:\Windows\system32;C:\Windows;C:\Windows\System32\Wbem;C:\Windows\System32\WindowsPowerShell\v1.0\;C:\Program Files\MySQL\MySQL Enterprise Backup 3.9.0\;C:\Program Files\MySQL\MySQL Utilities 1.3.6\;C:\Program Files\TortoiseSVN\bin;E:\program files\eclipse;
USERNAME=Administrator
OS=Windows_NT
PROCESSOR_IDENTIFIER=x86 Family 6 Model 15 Stepping 13, GenuineIntel



---------------  S Y S T E M  ---------------

OS: Windows 7 Build 7601 Service Pack 1

CPU:total 2 (2 cores per cpu, 1 threads per core) family 6 model 15 stepping 13, cmov, cx8, fxsr, mmx, sse, sse2, sse3, ssse3, tsc

Memory: 4k page, physical 2056768k(495040k free), swap 4431388k(1254052k free)

vm_info: Java HotSpot(TM) Client VM (24.60-b09) for windows-x86 JRE (1.7.0_60-b19), built on May  7 2014 13:09:52 by "java_re" with unknown MS VC++:1600

time: Sat Jul 19 21:16:43 2014
elapsed time: 86 seconds

